<!DOCTYPE html PUBLIC "-//W3C//DTD XHTML 1.1//EN" "http://www.w3.org/TR/xhtml11/DTD/xhtml11.dtd">
<html xmlns="http://www.w3.org/1999/xhtml">
<head>
<title>TestNG:  Unit Test</title>
<style type="text/css">
table caption,table.info_table,table.result,table.passed,table.failed {margin-bottom:10px;border:1px solid #000099;border-collapse:collapse;empty-cells:show;}
table.info_table td,table.info_table th,table.result td,table.result th,table.passed td,table.passed th,table.failed td,table.failed th {
border:1px solid #000099;padding:.25em .5em .25em .5em
}
table.result th {vertical-align:bottom}
tr.param th {padding-left:1em;padding-right:1em}
tr.param td {padding-left:.5em;padding-right:2em}
td.numi,th.numi,td.numi_attn {
text-align:right
}
tr.total td {font-weight:bold}
table caption {
text-align:center;font-weight:bold;
}
table.passed tr.stripe td,table tr.passedodd td {background-color: #00AA00;}
table.passed td,table tr.passedeven td {background-color: #33FF33;}
table.passed tr.stripe td,table tr.skippedodd td {background-color: #cccccc;}
table.passed td,table tr.skippedodd td {background-color: #dddddd;}
table.failed tr.stripe td,table tr.failedodd td,table.result td.numi_attn {background-color: #FF3333;}
table.failed td,table tr.failedeven td,table.result tr.stripe td.numi_attn {background-color: #DD0000;}
tr.stripe td,tr.stripe th {background-color: #E6EBF9;}
p.totop {font-size:85%;text-align:center;border-bottom:2px black solid}
div.shootout {padding:2em;border:3px #4854A8 solid}
</style>
</head>
<body>
<table cellspacing="0" cellpadding="0" class="result">
<tr><th>Test</th><th class="numi">Methods<br/>Passed</th><th class="numi">Scenarios<br/>Passed</th><th class="numi"># skipped</th><th class="numi"># failed</th><th class="numi">Total<br/>Time</th><th class="numi">Included<br/>Groups</th><th class="numi">Excluded<br/>Groups</th></tr>
<tr><td style="text-align:left;padding-right:2em">Test Basic One</td><td class="numi">7</td><td class="numi">6</td><td class="numi">0</td><td class="numi_attn">4</td><td class="numi">0.5 seconds</td><td class="numi"></td><td class="numi"></td></tr>
</table>
<table cellspacing="0" cellpadding="0" class="passed" id="summary">
<tr><th>Class</th><th>Method</th><th># of<br/>Scenarios</th><th>Start</th><th>Time<br/>(ms)</th></tr>
<tr><th colspan="4">Test Basic One &#8212; failed</th></tr>
<tr class="failedodd"><td rowspan="4">com.epam.test.TestOne</td><td><a href="#m1"><b>testAddition</b>  </a></td><td class="numi">1</td><td>1719900396473</td><td class="numi">2</td></tr><tr class="failedodd"><td><a href="#m2"><b>testAddition</b>  </a></td><td class="numi">1</td><td>1719900396473</td><td class="numi">2</td></tr><tr class="failedodd"><td><a href="#m3"><b>testDivideByZero</b> (negative) </a></td><td class="numi">1</td><td>1719900396473</td><td class="numi">2</td></tr><tr class="failedodd"><td><a href="#m4"><b>testSquareRootWithNegativeVal</b> (negative) </a></td><td class="numi">1</td><td>1719900396477</td><td class="numi">2</td></tr>
<tr><th colspan="4">Test Basic One &#8212; passed</th></tr>
<tr class="passedodd"><td rowspan="7">com.epam.test.TestOne</td><td><a href="#m5"><b>testDivide</b> (positive) </a></td><td class="numi">1</td><td>1719900396456</td><td class="numi">15</td></tr><tr class="passedodd"><td><a href="#m6"><b>testAdd</b> (positive) </a></td><td class="numi">1</td><td>1719900396456</td><td class="numi">16</td></tr><tr class="passedodd"><td><a href="#m7"><b>testAddition</b>  </a></td><td class="numi">1</td><td>1719900396456</td><td class="numi">16</td></tr><tr class="passedodd"><td><a href="#m8"><b>testAddition</b>  </a></td><td class="numi">1</td><td>1719900396456</td><td class="numi">16</td></tr><tr class="passedodd"><td><a href="#m9"><b>testMultiply</b> (positive) </a></td><td class="numi">1</td><td>1719900396474</td><td class="numi">1</td></tr><tr class="passedodd"><td><a href="#m10"><b>testSquareRoot</b> (positive) </a></td><td class="numi">1</td><td>1719900396476</td><td class="numi">0</td></tr><tr class="passedodd"><td><a href="#m11"><b>testSubtract</b> (positive) </a></td><td class="numi">1</td><td>1719900396478</td><td class="numi">1</td></tr>
</table>
<h1>Test Basic One</h1>
<h2 id="m1">com.epam.test.TestOne:testSquareRootWithNegativeVal</h2>
<div style="padding-left:3em">
<p>
Expected exception java.lang.IllegalArgumentException but got org.testng.TestException: 
Expected exception java.lang.IllegalArgumentException but got java.lang.AssertionError: expected [NaN] but found [-7]</p>
org.testng.internal.Invoker.handleInvocationResults(Invoker.java:1497)
<br/>at org.testng.internal.Invoker.invokeTestMethods(Invoker.java:1245)
<br/>at org.testng.internal.TestMethodWorker.invokeTestMethods(TestMethodWorker.java:127)
<br/>at org.testng.internal.TestMethodWorker.run(TestMethodWorker.java:111)
<br/>at java.base/java.util.concurrent.ThreadPoolExecutor.runWorker(ThreadPoolExecutor.java:1136)
<br/>at java.base/java.util.concurrent.ThreadPoolExecutor$Worker.run(ThreadPoolExecutor.java:635)
<br/>at java.base/java.lang.Thread.run(Thread.java:842)
<br/>1 lines not shown
<p>Caused by 
Expected exception java.lang.IllegalArgumentException but got java.lang.AssertionError: expected [NaN] but found [-7]</p>
org.testng.internal.Invoker.handleInvocationResults(Invoker.java:1497)
<br/>at org.testng.internal.Invoker.invokeMethod(Invoker.java:754)
<br/>at org.testng.internal.Invoker.invokeTestMethod(Invoker.java:901)
<br/>at org.testng.internal.Invoker.invokeTestMethods(Invoker.java:1231)
<br/>at org.testng.internal.TestMethodWorker.invokeTestMethods(TestMethodWorker.java:127)
<br/>at org.testng.internal.TestMethodWorker.run(TestMethodWorker.java:111)
<br/>at java.base/java.util.concurrent.ThreadPoolExecutor.runWorker(ThreadPoolExecutor.java:1136)
<br/>at java.base/java.util.concurrent.ThreadPoolExecutor$Worker.run(ThreadPoolExecutor.java:635)
<br/>at java.base/java.lang.Thread.run(Thread.java:842)
<br/>1 lines not shown
<p>Caused by expected [NaN] but found [-7]</p>
org.testng.Assert.fail(Assert.java:94)
<br/>at org.testng.Assert.failNotEquals(Assert.java:494)
<br/>at org.testng.Assert.assertEquals(Assert.java:123)
<br/>at org.testng.Assert.assertEquals(Assert.java:165)
<br/>at com.epam.test.TestOne.testSquareRootWithNegativeVal(TestOne.java:145)
<br/>14 lines not shown
</div>
<p class="totop"><a href="#summary">back to summary</a></p>
<h2 id="m2">com.epam.test.TestOne:testDivideByZero</h2>
<div style="padding-left:3em">
<p>
Expected exception java.lang.IllegalArgumentException but got org.testng.TestException: 
Expected exception java.lang.IllegalArgumentException but got java.lang.ArithmeticException: / by zero</p>
org.testng.internal.Invoker.handleInvocationResults(Invoker.java:1497)
<br/>at org.testng.internal.Invoker.invokeTestMethods(Invoker.java:1245)
<br/>at org.testng.internal.TestMethodWorker.invokeTestMethods(TestMethodWorker.java:127)
<br/>at org.testng.internal.TestMethodWorker.run(TestMethodWorker.java:111)
<br/>at java.base/java.util.concurrent.ThreadPoolExecutor.runWorker(ThreadPoolExecutor.java:1136)
<br/>at java.base/java.util.concurrent.ThreadPoolExecutor$Worker.run(ThreadPoolExecutor.java:635)
<br/>at java.base/java.lang.Thread.run(Thread.java:842)
<br/>1 lines not shown
<p>Caused by 
Expected exception java.lang.IllegalArgumentException but got java.lang.ArithmeticException: / by zero</p>
org.testng.internal.Invoker.handleInvocationResults(Invoker.java:1497)
<br/>at org.testng.internal.Invoker.invokeMethod(Invoker.java:754)
<br/>at org.testng.internal.Invoker.invokeTestMethod(Invoker.java:901)
<br/>at org.testng.internal.Invoker.invokeTestMethods(Invoker.java:1231)
<br/>at org.testng.internal.TestMethodWorker.invokeTestMethods(TestMethodWorker.java:127)
<br/>at org.testng.internal.TestMethodWorker.run(TestMethodWorker.java:111)
<br/>at java.base/java.util.concurrent.ThreadPoolExecutor.runWorker(ThreadPoolExecutor.java:1136)
<br/>at java.base/java.util.concurrent.ThreadPoolExecutor$Worker.run(ThreadPoolExecutor.java:635)
<br/>at java.base/java.lang.Thread.run(Thread.java:842)
<br/>1 lines not shown
<p>Caused by / by zero</p>
com.epam.test.TestOne.testDivideByZero(TestOne.java:123)
<br/>14 lines not shown
</div>
<p class="totop"><a href="#summary">back to summary</a></p>
<h2 id="m3">com.epam.test.TestOne:testAddition</h2>
<table cellspacing="0" cellpadding="0" class="result">
<tr class="param"><th>Parameter #1</th><th>Parameter #2</th><th>Parameter #3</th></tr>
<tr class="param stripe"><td>10</td>
<td>4</td>
<td>6</td>
</tr>
<tr><td style="padding-left:3em" colspan="3">
<p>Addition failed expected [6] but found [14]</p>
org.testng.Assert.fail(Assert.java:94)
<br/>at org.testng.Assert.failNotEquals(Assert.java:494)
<br/>at org.testng.Assert.assertEquals(Assert.java:123)
<br/>at org.testng.Assert.assertEquals(Assert.java:370)
<br/>at com.epam.test.TestOne.testAddition(TestOne.java:63)
<br/>14 lines not shown
</td></tr>
</table>
<p class="totop"><a href="#summary">back to summary</a></p>
<h2 id="m4">com.epam.test.TestOne:testAddition</h2>
<table cellspacing="0" cellpadding="0" class="result">
<tr class="param"><th>Parameter #1</th><th>Parameter #2</th><th>Parameter #3</th></tr>
<tr class="param stripe"><td>5</td>
<td>3</td>
<td>8</td>
</tr>
</table>
<p class="totop"><a href="#summary">back to summary</a></p>
<h2 id="m5">com.epam.test.TestOne:testDivide</h2>
<p class="totop"><a href="#summary">back to summary</a></p>
<h2 id="m6">com.epam.test.TestOne:testAdd</h2>
<p class="totop"><a href="#summary">back to summary</a></p>
<h2 id="m7">com.epam.test.TestOne:testSquareRoot</h2>
<p class="totop"><a href="#summary">back to summary</a></p>
<h2 id="m8">com.epam.test.TestOne:testSubtract</h2>
<p class="totop"><a href="#summary">back to summary</a></p>
<h2 id="m9">com.epam.test.TestOne:testMultiply</h2>
<p class="totop"><a href="#summary">back to summary</a></p>
</body></html>
